C51 COMPILER V9.60.7.0   MAIN                                                              09/19/2024 14:55:31 PAGE 1   


C51 COMPILER V9.60.7.0, COMPILATION OF MODULE MAIN
OBJECT MODULE PLACED IN .\Objects\main.obj
COMPILER INVOKED BY: C:\Keil_v5\C51\BIN\C51.EXE main.c OPTIMIZE(8,SPEED) BROWSE DEBUG OBJECTEXTEND PRINT(.\Listings\main
                    -.lst) TABS(2) OBJECT(.\Objects\main.obj)

line level    source

   1          #include <reg51.h>
   2          #include "LCD.h"
   3          #include "ADC.h"
   4          
   5          void main()
   6          {
   7   1        float SET_TEMP,Temperature1;
   8   1        lcd_init();
   9   1        
  10   1        
  11   1        while(1)
  12   1        {
  13   2          SET_TEMP=Set_temp();
  14   2          Delay1(1000);
  15   2          Temperature1=ADC_Temperature();
  16   2          Delay1(1000);
  17   2          
  18   2          if(Temperature1>SET_TEMP)
  19   2          {
  20   3            Beep();
  21   3          }
  22   2          
  23   2        }
  24   1      }


MODULE INFORMATION:   STATIC OVERLAYABLE
   CODE SIZE        =     67    ----
   CONSTANT SIZE    =   ----    ----
   XDATA SIZE       =   ----    ----
   PDATA SIZE       =   ----    ----
   DATA SIZE        =   ----       8
   IDATA SIZE       =   ----    ----
   BIT SIZE         =   ----    ----
END OF MODULE INFORMATION.


C51 COMPILATION COMPLETE.  0 WARNING(S),  0 ERROR(S)
