C51 COMPILER V9.60.7.0   LCD                                                               09/24/2024 13:17:44 PAGE 1   


C51 COMPILER V9.60.7.0, COMPILATION OF MODULE LCD
OBJECT MODULE PLACED IN .\Objects\lcd.obj
COMPILER INVOKED BY: C:\Keil_v5\C51\BIN\C51.EXE lcd.c OPTIMIZE(8,SPEED) BROWSE DEBUG OBJECTEXTEND PRINT(.\Listings\lcd.l
                    -st) TABS(2) OBJECT(.\Objects\lcd.obj)

line level    source

   1          # include <reg51.h>
   2          # include "lcd.h"
   3          
   4          
   5          #define LCD_DATAPORT P0                         
   6          sbit RW=P2^5;                                     
   7          sbit RS=P2^6;                                     
   8          sbit EN=P2^7;                                     
   9          
  10          sbit DB4=P0^4;                               
  11          sbit DB5=P0^5;
  12          sbit DB6=P0^6;
  13          sbit DB7=P0^7;
  14          
  15          void Delay (unsigned int value)        
  16          {
  17   1       unsigned int j;
  18   1           
  19   1        for (j=0; j<value ;j++)
  20   1        {  
  21   2          
  22   2          TH1=0xFC;
  23   2          TL1=0x19;
  24   2          TF1=0;
  25   2          TR1=1;
  26   2          while(TF1==0);
  27   2          TF1=0;
  28   2          TR1=0;
  29   2        }
  30   1      }
  31          
  32           //LCD Write Function
  33          void LCD4_write ( unsigned char Value)
  34            {  
  35   1        
  36   1          
  37   1          DB4=0x10 & Value;                    
  38   1          DB5=0x20 & Value;            
  39   1          DB6=0x40 & Value;            
  40   1          DB7=0x80 & Value;             
  41   1                          
  42   1          EN=1;                       
  43   1          Delay(1);                   
  44   1          EN=0;                       
  45   1         
  46   1        }
  47            
  48          
  49          // LCD Command Function
  50          void LCD_Command (unsigned char cmd)
  51          { 
  52   1        RS=0;                          
  53   1        RW=0;                         
  54   1        LCD4_write(cmd & 0xF0);        
C51 COMPILER V9.60.7.0   LCD                                                               09/24/2024 13:17:44 PAGE 2   

  55   1        LCD4_write( cmd <<4 );          
  56   1      }
  57          
  58          
  59          // LCD Data Function
  60          void LCD_Data (unsigned char Data)
  61          { 
  62   1        RS=1;                          
  63   1        RW=0;                         
  64   1        LCD4_write ( Data & 0xF0);
  65   1        LCD4_write (Data <<4 );
  66   1        
  67   1      }
  68          
  69          // Intilize LCD
  70          void LCD_Intialization(void)
  71          {  
  72   1                                                 
  73   1         Delay(100);
  74   1         LCD_Command(0x02);  
  75   1         LCD_Command(0x28);
  76   1         LCD_Command(0x0C);  
  77   1         LCD_Command(0x01);  
  78   1         LCD_Command(0x80);  
  79   1      }
  80          
  81          
  82          
  83           void Set_cursor(int row, int coloum)
  84           {      
  85   1         if(row==1)                                          
  86   1            {   LCD_Command(0x80+coloum); }                  
  87   1            else if(row==2)                                  
  88   1            {   LCD_Command(0xC0+coloum); }                  
  89   1       
  90   1       
  91   1       }
  92           
  93          
  94           int lcd_Pow(int X,int Y)
  95          {
  96   1        unsigned char i;
  97   1        int Result=1;
  98   1        for(i=0;i<Y;i++)
  99   1        {
 100   2          Result*=X;
 101   2        }
 102   1        return Result;
 103   1      }
 104          
 105          
 106          
 107          void LCD_ShowNum(unsigned char Line,unsigned char Column,unsigned int Number,unsigned char Length)
 108          {
*** WARNING C235 IN LINE 108 OF lcd.c: parameter 3: different types
 109   1        unsigned char i;
 110   1        Set_cursor(Line,Column);                     
 111   1        for(i=Length;i>0;i--)                       
 112   1        {
 113   2          LCD_Data(Number/lcd_Pow(10,i-1)%10+'0');   
 114   2        }
 115   1      }
C51 COMPILER V9.60.7.0   LCD                                                               09/24/2024 13:17:44 PAGE 3   

 116          
 117          void LCD_ShowChar(unsigned char Line,unsigned char Column,unsigned char Char)
 118          {
 119   1        Set_cursor(Line,Column);
 120   1        LCD_Data(Char);
 121   1      }
 122          
 123          
 124          
 125          void LCD_ShowString(unsigned char Line,unsigned char Column,char *String)  
 126          {
 127   1        unsigned char i;
 128   1        Set_cursor(Line,Column);
 129   1        for(i=0;String[i]!='\0';i++)
 130   1        {
 131   2          LCD_Data(String[i]);
 132   2        }
 133   1      }
 134          void LCD_ClearSecondLine()
 135          { int i ;
 136   1          LCD_Command(0xC0);  
 137   1          for (i = 0; i < 16; i++)
 138   1          {
 139   2              LCD_Data(' '); 
 140   2          
 141   2          }
 142   1      }


MODULE INFORMATION:   STATIC OVERLAYABLE
   CODE SIZE        =    339    ----
   CONSTANT SIZE    =   ----    ----
   XDATA SIZE       =   ----    ----
   PDATA SIZE       =   ----    ----
   DATA SIZE        =   ----      15
   IDATA SIZE       =   ----    ----
   BIT SIZE         =   ----    ----
END OF MODULE INFORMATION.


C51 COMPILATION COMPLETE.  1 WARNING(S),  0 ERROR(S)
