C51 COMPILER V9.60.7.0   ADC                                                               09/24/2024 12:40:03 PAGE 1   


C51 COMPILER V9.60.7.0, COMPILATION OF MODULE ADC
OBJECT MODULE PLACED IN .\Objects\ADC.obj
COMPILER INVOKED BY: C:\Keil_v5\C51\BIN\C51.EXE ADC.c OPTIMIZE(8,SPEED) BROWSE DEBUG OBJECTEXTEND PRINT(.\Listings\ADC.l
                    -st) TABS(2) OBJECT(.\Objects\ADC.obj)

line level    source

   1          # include <reg52.h>
   2          # include "lcd.h"
   3          #include <math.h>
   4          
   5          
   6          
   7          sbit CS =P3^5;          
   8          sbit DCLK =P3^6;      
   9          sbit DIN =P3^4;         
  10          sbit DOUT =P3^7;        
  11          
  12          void LDR_Measurment();
  13          unsigned char ADC_Driver (bit A0,bit A1,bit A2)         
  14          {  
  15   1        
  16   1        unsigned char i, temp=0;
  17   1         DCLK=0;                                      
  18   1         CS=0;                                         
  19   1      
  20   1         DCLK=0;  DIN=1;  DCLK=1;                      
  21   1         DCLK=0;  DIN=A2;  DCLK=1;                     
  22   1         DCLK=0;  DIN=A1;  DCLK=1;                 
  23   1         DCLK=0;  DIN=A0;  DCLK=1;                     
  24   1         DCLK=0;  DIN=1;  DCLK=1;                   
  25   1         DCLK=0;  DIN=1;  DCLK=1;                     
  26   1         DCLK=0;  DIN=1;  DCLK=1;                   
  27   1         DCLK=0;  DIN=1;  DCLK=1;                     
  28   1        
  29   1       
  30   1        DCLK = 0;          
  31   1        Delay(10);
  32   1      
  33   1      
  34   1        for(i=0;i<=7;i++)
  35   1        {  
  36   2          temp <<=1;             
  37   2                        
  38   2           DCLK=1;                  
  39   2           DCLK=0; 
  40   2           temp |=DOUT;           
  41   2             
  42   2        }
  43   1        
  44   1         CS=1;              
  45   1        
  46   1        return temp;        
  47   1      }
  48          
  49          //Voltage Measurment 
  50          void displayVoltage()
  51          {
  52   1          unsigned int value1;
  53   1          float voltage;
  54   1      
C51 COMPILER V9.60.7.0   ADC                                                               09/24/2024 12:40:03 PAGE 2   

  55   1          value1 = ADC_Driver(1, 0, 0);      
  56   1          voltage = value1 * (5.0 / 255.0); 
  57   1      
  58   1          LCD_ShowString(1, 0, "Vol: ");
  59   1          LCD_ShowNum(2, 0, (unsigned int)voltage, 1);                  
  60   1          LCD_ShowChar(2, 1, '.');
  61   1          LCD_ShowNum(2, 2, (unsigned int)(voltage * 1000) % 1000, 3); 
  62   1          LCD_ShowChar(2, 4, 'V');
  63   1          Delay(1000);
  64   1      }
  65          
  66          //Temprature Measurment
  67          void displayTemperature()
  68          {
  69   1          unsigned int temp_Value;
  70   1          float T, Temperature;
  71   1      
  72   1          temp_Value = ADC_Driver(1, 0, 1);                                         
  73   1          T = 1 / ((1 / 298.15) + ((1 / 3380.0) * log((255.0 / temp_Value) - 1)));  //Special Formula
  74   1          Temperature = T - 273.15;                                                 //Kelvin to degree conversiu
             -on
  75   1      
  76   1          LCD_ShowString(1, 6, "Temp: ");
  77   1          LCD_ShowNum(2, 6, (unsigned int)Temperature, 2);                  
  78   1          LCD_ShowChar(2, 8, '.');
  79   1          LCD_ShowNum(2, 9, (unsigned int)(Temperature * 1000) % 1000, 3); 
  80   1        //  LCD_ShowChar(2, 11, 'C');
  81   1          Delay(1000);
  82   1      }
  83          //LDR Measurment 
  84          void displayLDR()
  85          {
  86   1          unsigned int value, scaledValue;
  87   1      
  88   1          value = ADC_Driver(0, 1, 0);        
  89   1          scaledValue = (value * 100) / 255; 
  90   1      
  91   1          LCD_ShowString(1, 13, "LDR ");
  92   1          LCD_ShowNum(2, 13, scaledValue, 3);   
  93   1          Delay(1000);
  94   1      }
  95          
  96          void main()
  97          {
  98   1          LCD_Intialization();                    
  99   1      
 100   1          while (1)
 101   1          {
 102   2              displayVoltage();               //ADC Voltage 
 103   2              Delay(1000);
 104   2      
 105   2              displayTemperature();           //ADC Temprature
 106   2              Delay(1000);
 107   2      
 108   2              displayLDR();                   //ADC LDR 
 109   2              Delay(1000);
 110   2          }
 111   1      }


MODULE INFORMATION:   STATIC OVERLAYABLE
   CODE SIZE        =    556    ----
C51 COMPILER V9.60.7.0   ADC                                                               09/24/2024 12:40:03 PAGE 3   

   CONSTANT SIZE    =     18    ----
   XDATA SIZE       =   ----    ----
   PDATA SIZE       =   ----    ----
   DATA SIZE        =   ----      15
   IDATA SIZE       =   ----    ----
   BIT SIZE         =   ----       3
END OF MODULE INFORMATION.


C51 COMPILATION COMPLETE.  0 WARNING(S),  0 ERROR(S)
