C51 COMPILER V9.60.7.0   LCD                                                               09/24/2024 12:40:03 PAGE 1   


C51 COMPILER V9.60.7.0, COMPILATION OF MODULE LCD
OBJECT MODULE PLACED IN .\Objects\lcd.obj
COMPILER INVOKED BY: C:\Keil_v5\C51\BIN\C51.EXE lcd.c OPTIMIZE(8,SPEED) BROWSE DEBUG OBJECTEXTEND PRINT(.\Listings\lcd.l
                    -st) TABS(2) OBJECT(.\Objects\lcd.obj)

line level    source

   1          # include <reg52.h>
   2          # include "lcd.h"
   3          #define LCD_DATAPORT P0                           
   4          
   5          sbit RW=P2^5;                                    
   6          sbit RS=P2^6;                                     
   7          sbit EN=P2^7;                                    
   8          sbit DB4=P0^4;                               
   9          sbit DB5=P0^5;
  10          sbit DB6=P0^6;
  11          sbit DB7=P0^7;
  12          
  13          void Delay (unsigned int value)      
  14          {
  15   1       unsigned int j;
  16   1           
  17   1        for (j=0; j<value ;j++)
  18   1        {  
  19   2          
  20   2          TH1=0xFC;
  21   2          TL1=0x19;
  22   2          TF1=0;
  23   2          TR1=1;
  24   2          while(TF1==0);
  25   2          TF1=0;
  26   2          TR1=0;
  27   2        }
  28   1      }
  29          
  30           //LCD Write Function
  31          void LCD4_write ( unsigned char Value)
  32            {  
  33   1          
  34   1          
  35   1          DB4=0x10 & Value;                    
  36   1          DB5=0x20 & Value;             
  37   1          DB6=0x40 & Value;           
  38   1          DB7=0x80 & Value;            
  39   1                         
  40   1          EN=1;                       
  41   1          Delay(1);                  
  42   1          EN=0;                       
  43   1         
  44   1        }
  45            
  46          
  47          // LCD Command Function
  48          void LCD_Command (unsigned char cmd)
  49          { 
  50   1        RS=0;                           
  51   1        RW=0;                           
  52   1        LCD4_write(cmd & 0xF0);        
  53   1        LCD4_write( cmd <<4 );          
  54   1      }
C51 COMPILER V9.60.7.0   LCD                                                               09/24/2024 12:40:03 PAGE 2   

  55          
  56          
  57          // LCD Data Function
  58          void LCD_Data (unsigned char Data)
  59          { 
  60   1        RS=1;                         
  61   1        RW=0;                          
  62   1        LCD4_write ( Data & 0xF0);
  63   1        LCD4_write (Data <<4 );
  64   1        
  65   1      }
  66          
  67          // Intilization OF LCD
  68          void LCD_Intialization(void)
  69          {  
  70   1                                                 
  71   1         Delay(100);
  72   1         LCD_Command(0x02); 
  73   1         LCD_Command(0x28);
  74   1         LCD_Command(0x0C);  
  75   1         LCD_Command(0x01);  
  76   1         LCD_Command(0x80);  
  77   1      }
  78          
  79          
  80           void Set_cursor(int row, int coloum)
  81           {      
  82   1         if(row==1)                                         
  83   1            {   LCD_Command(0x80+coloum); }                  
  84   1            else if(row==2)                                  
  85   1            {   LCD_Command(0xC0+coloum); }                 
  86   1       
  87   1       
  88   1       }
  89           
  90           int lcd_Pow(int X,int Y)
  91          {
  92   1        unsigned char i;
  93   1        int Result=1;
  94   1        for(i=0;i<Y;i++)
  95   1        {
  96   2          Result*=X;
  97   2        }
  98   1        return Result;
  99   1      }
 100          
 101          
 102          void LCD_ShowNum(unsigned char Line,unsigned char Column,unsigned int Number,unsigned char Length)
 103          {
*** WARNING C235 IN LINE 103 OF lcd.c: parameter 3: different types
 104   1        unsigned char i;
 105   1        Set_cursor(Line,Column);                    
 106   1        for(i=Length;i>0;i--)                        
 107   1        {
 108   2          LCD_Data(Number/lcd_Pow(10,i-1)%10+'0');  
 109   2        }
 110   1      }
 111          
 112          void LCD_ShowChar(unsigned char Line,unsigned char Column,unsigned char Char)
 113          {
 114   1        Set_cursor(Line,Column);
 115   1        LCD_Data(Char);
C51 COMPILER V9.60.7.0   LCD                                                               09/24/2024 12:40:03 PAGE 3   

 116   1      }
 117          void LCD_ShowString(unsigned char Line,unsigned char Column,char *String)  
 118          {
 119   1        unsigned char i;
 120   1        Set_cursor(Line,Column);
 121   1        for(i=0;String[i]!='\0';i++)
 122   1        {
 123   2          LCD_Data(String[i]);
 124   2        }
 125   1      }
 126          


MODULE INFORMATION:   STATIC OVERLAYABLE
   CODE SIZE        =    316    ----
   CONSTANT SIZE    =   ----    ----
   XDATA SIZE       =   ----    ----
   PDATA SIZE       =   ----    ----
   DATA SIZE        =   ----      15
   IDATA SIZE       =   ----    ----
   BIT SIZE         =   ----    ----
END OF MODULE INFORMATION.


C51 COMPILATION COMPLETE.  1 WARNING(S),  0 ERROR(S)
