C51 COMPILER V9.60.7.0   ADC                                                               09/19/2024 14:37:03 PAGE 1   


C51 COMPILER V9.60.7.0, COMPILATION OF MODULE ADC
OBJECT MODULE PLACED IN .\Objects\ADC.obj
COMPILER INVOKED BY: C:\Keil_v5\C51\BIN\C51.EXE ADC.c OPTIMIZE(8,SPEED) BROWSE DEBUG OBJECTEXTEND PRINT(.\Listings\ADC.l
                    -st) TABS(2) OBJECT(.\Objects\ADC.obj)

line level    source

   1          #include <reg51.h>
   2          #include "LCD.h"
   3          #include "ADC.h"
   4          #include "math.h"
   5          
   6          sbit DIN =P3^4;
   7          sbit CS  =P3^5;
   8          sbit DCLK=P3^6;
   9          sbit DOUT=P3^7;
  10          
  11          unsigned char ADC_Driver (bit A0, bit A1, bit A2)
  12          {
  13   1        unsigned char i, temp=0;
  14   1        DCLK=0;
  15   1        CS=0;
  16   1        
  17   1        DCLK=0;    DIN=1;     DCLK=1; 
  18   1        DCLK=0;    DIN=A2;     DCLK=1;
  19   1        DCLK=0;    DIN=A1;     DCLK=1;
  20   1        DCLK=0;    DIN=A0;     DCLK=1;
  21   1        DCLK=0;    DIN=1;     DCLK=1; 
  22   1        DCLK=0;    DIN=1;     DCLK=1;
  23   1        DCLK=0;    DIN=1;     DCLK=1;
  24   1        DCLK=0;    DIN=1;     DCLK=1;
  25   1        
  26   1        DCLK = 0;
  27   1        Delay1(10);
  28   1        
  29   1        
  30   1        for(i=0; i<=7; i++)
  31   1        {
  32   2          temp<<=1;
  33   2          DCLK=1;
  34   2          DCLK=0;
  35   2          
  36   2          
  37   2          temp|=DOUT;
  38   2          
  39   2      
  40   2        }
  41   1        CS=1;
  42   1        return temp;
  43   1      }
  44          void ADC_Voltage ()
  45          {
  46   1        float voltage ,value;
  47   1        value = ADC_Driver(1,0,0);
  48   1        
  49   1        voltage =value*(5.0/255.0);
  50   1        lcd_showstring(0,0,"Vol: ");
  51   1        lcd_shownum(1,0,(unsigned int)voltage,1);
  52   1        lcd_showchar(1,1,'.');
  53   1        lcd_shownum(1,2,(unsigned int)(voltage*1000)%1000,3);
  54   1      //  lcd_showchar(1,6,'V');
C51 COMPILER V9.60.7.0   ADC                                                               09/19/2024 14:37:03 PAGE 2   

  55   1        Delay1(1000);
  56   1      } 
  57          void ADC_Temperature ()
  58          {
  59   1        unsigned int temp_value;
  60   1        float T, Temperature;
  61   1        temp_value = ADC_Driver(1,0,1);
  62   1        
  63   1        T =1/((1/298.15)+((1/3380.0) *log((255.0/temp_value)-1)));
  64   1        Temperature= T-273.15;
  65   1        lcd_showstring(0,6,"Temp: ");
  66   1        lcd_shownum(1,6,(unsigned int)Temperature,2);
  67   1        lcd_showchar(1,8,'.');
  68   1        lcd_shownum(1,9,(unsigned int)(Temperature *1000)%1000,3);
  69   1      //  lcd_showchar(1,6,'C');
  70   1        Delay1(1000);
  71   1      } 
  72          
  73          void LDR ()
  74          {
  75   1        unsigned int value, scaledvalue;
  76   1        value = ADC_Driver(0,1,0);
  77   1        scaledvalue =(value*100)/255;
  78   1        
  79   1        lcd_showstring(0,13,"LDR ");
  80   1        lcd_shownum(1,13,scaledvalue,3);
  81   1        Delay1(1000);
  82   1      }
  83          
  84          
  85          
  86          
  87          
  88          
  89          
  90          
  91          
  92          
  93          
  94          
  95          
  96          
  97          
  98          


MODULE INFORMATION:   STATIC OVERLAYABLE
   CODE SIZE        =    523    ----
   CONSTANT SIZE    =     18    ----
   XDATA SIZE       =   ----    ----
   PDATA SIZE       =   ----    ----
   DATA SIZE        =   ----      19
   IDATA SIZE       =   ----    ----
   BIT SIZE         =   ----       3
END OF MODULE INFORMATION.


C51 COMPILATION COMPLETE.  0 WARNING(S),  0 ERROR(S)
