C51 COMPILER V9.60.7.0   MAIN                                                              09/19/2024 15:11:28 PAGE 1   


C51 COMPILER V9.60.7.0, COMPILATION OF MODULE MAIN
OBJECT MODULE PLACED IN .\Objects\main.obj
COMPILER INVOKED BY: C:\Keil_v5\C51\BIN\C51.EXE main.c OPTIMIZE(8,SPEED) BROWSE DEBUG OBJECTEXTEND PRINT(.\Listings\main
                    -.lst) TABS(2) OBJECT(.\Objects\main.obj)

line level    source

   1          //# include <reg52.h>
   2          //# include "LCD.h"
   3          //# include "ADC.h"
   4          
   5          
   6          
   7          //void main ()  
   8          //{
   9          //  LCD_Intialization();           // LCD Intilization
  10          //  
  11          //  while(1)
  12          //  {    
  13          //          ADC_VOLTAGE ();       // Call the ADC voltage Function
  14          //  }   
  15          //     
  16          //}


MODULE INFORMATION:   STATIC OVERLAYABLE
   CODE SIZE        =   ----    ----
   CONSTANT SIZE    =   ----    ----
   XDATA SIZE       =   ----    ----
   PDATA SIZE       =   ----    ----
   DATA SIZE        =   ----    ----
   IDATA SIZE       =   ----    ----
   BIT SIZE         =   ----    ----
END OF MODULE INFORMATION.


C51 COMPILATION COMPLETE.  0 WARNING(S),  0 ERROR(S)
