C51 COMPILER V9.60.7.0   LCD                                                               09/24/2024 12:50:19 PAGE 1   


C51 COMPILER V9.60.7.0, COMPILATION OF MODULE LCD
OBJECT MODULE PLACED IN .\Objects\lcd.obj
COMPILER INVOKED BY: C:\Keil_v5\C51\BIN\C51.EXE lcd.c OPTIMIZE(8,SPEED) BROWSE DEBUG OBJECTEXTEND PRINT(.\Listings\lcd.l
                    -st) TABS(2) OBJECT(.\Objects\lcd.obj)

line level    source

   1          # include <reg51.h>
   2          # include "lcd.h"
   3          
   4          #define LCD_DATAPORT P0                         
   5          sbit RW=P2^5;                                     
   6          sbit RS=P2^6;                                     
   7          sbit EN=P2^7;                                     
   8          sbit DB4=P0^4;                               
   9          sbit DB5=P0^5;
  10          sbit DB6=P0^6;
  11          sbit DB7=P0^7;
  12          
  13          void Delay (unsigned int value)        
  14          {
  15   1          unsigned int j;
  16   1          
  17   1          for (j=0; j<value ;j++)
  18   1          {  
  19   2              TH1=0xFC;
  20   2              TL1=0x19;
  21   2              TF1=0;
  22   2              TR1=1;
  23   2              while(TF1==0);
  24   2              TF1=0;
  25   2              TR1=0;
  26   2          }
  27   1      }
  28          
  29          void LCD4_write (unsigned char Value)
  30          {  
  31   1          DB4=0x10 & Value; 
  32   1          DB5=0x20 & Value; 
  33   1          DB6=0x40 & Value; 
  34   1          DB7=0x80 & Value; 
  35   1      
  36   1          EN=1;                       
  37   1          Delay(1);                   
  38   1          EN=0;                       
  39   1      }
  40          
  41          void LCD_Command (unsigned char cmd)
  42          { 
  43   1          RS=0;                          
  44   1          RW=0;                         
  45   1          LCD4_write(cmd & 0xF0);        
  46   1          LCD4_write(cmd <<4 );          
  47   1      }
  48          
  49          void LCD_Data (unsigned char Data)
  50          { 
  51   1          RS=1;                          
  52   1          RW=0;                         
  53   1          LCD4_write ( Data & 0xF0);
  54   1          LCD4_write (Data <<4 );
C51 COMPILER V9.60.7.0   LCD                                                               09/24/2024 12:50:19 PAGE 2   

  55   1      }
  56          
  57          void LCD_Intialization(void)
  58          {  
  59   1          Delay(100);
  60   1          LCD_Command(0x02);  
  61   1          LCD_Command(0x28);
  62   1          LCD_Command(0x0C);  
  63   1          LCD_Command(0x01);  
  64   1          LCD_Command(0x80);  
  65   1      }
  66          
  67          void Set_cursor(int row, int coloum)
  68          {      
  69   1          if(row==1)                                          
  70   1          {   LCD_Command(0x80+coloum); }                  
  71   1          else if(row==2)                                  
  72   1          {   LCD_Command(0xC0+coloum); }                  
  73   1      }
  74          
  75          int lcd_Pow(int X,int Y)
  76          {
  77   1          unsigned char i;
  78   1          int Result=1;
  79   1          for(i=0;i<Y;i++)
  80   1          {
  81   2              Result*=X;
  82   2          }
  83   1          return Result;
  84   1      }
  85          
  86          void LCD_ShowNum(unsigned char Line,unsigned char Column,unsigned int Number,unsigned char Length)
  87          {
*** WARNING C235 IN LINE 87 OF lcd.c: parameter 3: different types
  88   1          unsigned char i;
  89   1          Set_cursor(Line,Column);                     
  90   1          for(i=Length;i>0;i--)                       
  91   1          {
  92   2              LCD_Data(Number/lcd_Pow(10,i-1)%10+'0');   
  93   2          }
  94   1      }
  95          
  96          void LCD_ShowChar(unsigned char Line,unsigned char Column,unsigned char Char)
  97          {
  98   1          Set_cursor(Line,Column);
  99   1          LCD_Data(Char);
 100   1      }
 101          
 102          void LCD_ShowString(unsigned char Line,unsigned char Column,char *String)
 103          {
 104   1          unsigned char i;
 105   1          Set_cursor(Line,Column);
 106   1          for(i=0;String[i]!='\0';i++)
 107   1          {
 108   2              LCD_Data(String[i]);
 109   2          }
 110   1      }
 111          
 112          void LCD_ClearSecondLine()
 113          { 
 114   1          int i;
 115   1          LCD_Command(0xC0);  
C51 COMPILER V9.60.7.0   LCD                                                               09/24/2024 12:50:19 PAGE 3   

 116   1          for (i = 0; i < 16; i++)
 117   1          {
 118   2              LCD_Data(' ');  
 119   2          }
 120   1      }


MODULE INFORMATION:   STATIC OVERLAYABLE
   CODE SIZE        =    339    ----
   CONSTANT SIZE    =   ----    ----
   XDATA SIZE       =   ----    ----
   PDATA SIZE       =   ----    ----
   DATA SIZE        =   ----      15
   IDATA SIZE       =   ----    ----
   BIT SIZE         =   ----    ----
END OF MODULE INFORMATION.


C51 COMPILATION COMPLETE.  1 WARNING(S),  0 ERROR(S)
